<?xml version="1.0" encoding="UTF-8"?>
<testng-results ignored="0" total="6" passed="6" failed="0" skipped="0">
  <reporter-output>
  </reporter-output>
  <suite started-at="2022-04-04T21:06:50 IST" name="Suite" finished-at="2022-04-04T21:07:05 IST" duration-ms="14728">
    <groups>
      <group name="FB">
        <method signature="FacbookLogin.launchFacebook()[pri:0, instance:com.si.AutomateWebApplication.FacbookLogin@4b0d79fc]" name="launchFacebook" class="com.si.AutomateWebApplication.FacbookLogin"/>
        <method signature="FacbookLogin.login()[pri:0, instance:com.si.AutomateWebApplication.FacbookLogin@4b0d79fc]" name="login" class="com.si.AutomateWebApplication.FacbookLogin"/>
        <method signature="HandlingInvalidLogin.launchFacebook()[pri:0, instance:com.si.AutomateWebApplication.HandlingInvalidLogin@48aca48b]" name="launchFacebook" class="com.si.AutomateWebApplication.HandlingInvalidLogin"/>
        <method signature="HandlingInvalidLogin.login()[pri:0, instance:com.si.AutomateWebApplication.HandlingInvalidLogin@48aca48b]" name="login" class="com.si.AutomateWebApplication.HandlingInvalidLogin"/>
      </group> <!-- FB -->
    </groups>
    <test started-at="2022-04-04T21:06:50 IST" name="Test" finished-at="2022-04-04T21:07:05 IST" duration-ms="14728">
      <class name="com.si.AutomateWebApplication.HandlingInvalidLogin">
        <test-method is-config="true" signature="beforeTest()[pri:0, instance:com.si.AutomateWebApplication.HandlingInvalidLogin@48aca48b]" started-at="2022-04-04T21:06:54 IST" name="beforeTest" finished-at="2022-04-04T21:06:55 IST" duration-ms="1404" status="PASS">
          <reporter-output>
          </reporter-output>
        </test-method> <!-- beforeTest -->
        <test-method signature="launchFacebook()[pri:0, instance:com.si.AutomateWebApplication.HandlingInvalidLogin@48aca48b]" started-at="2022-04-04T21:06:58 IST" name="launchFacebook" finished-at="2022-04-04T21:07:00 IST" duration-ms="1760" status="PASS">
          <reporter-output>
          </reporter-output>
        </test-method> <!-- launchFacebook -->
        <test-method signature="login()[pri:0, instance:com.si.AutomateWebApplication.HandlingInvalidLogin@48aca48b]" started-at="2022-04-04T21:07:00 IST" name="login" finished-at="2022-04-04T21:07:00 IST" depends-on-methods="com.si.AutomateWebApplication.HandlingInvalidLogin.launchFacebook" duration-ms="324" status="PASS">
          <reporter-output>
          </reporter-output>
        </test-method> <!-- login -->
        <test-method is-config="true" signature="afterTest()[pri:0, instance:com.si.AutomateWebApplication.HandlingInvalidLogin@48aca48b]" started-at="2022-04-04T21:07:05 IST" name="afterTest" finished-at="2022-04-04T21:07:05 IST" duration-ms="1" status="PASS">
          <reporter-output>
          </reporter-output>
        </test-method> <!-- afterTest -->
      </class> <!-- com.si.AutomateWebApplication.HandlingInvalidLogin -->
      <class name="com.si.AutomateWebApplication.FacbookLogin">
        <test-method is-config="true" signature="beforeTest()[pri:0, instance:com.si.AutomateWebApplication.FacbookLogin@4b0d79fc]" started-at="2022-04-04T21:06:52 IST" name="beforeTest" finished-at="2022-04-04T21:06:54 IST" duration-ms="1348" status="PASS">
          <reporter-output>
          </reporter-output>
        </test-method> <!-- beforeTest -->
        <test-method signature="launchFacebook()[pri:0, instance:com.si.AutomateWebApplication.FacbookLogin@4b0d79fc]" started-at="2022-04-04T21:06:55 IST" name="launchFacebook" finished-at="2022-04-04T21:06:58 IST" duration-ms="2425" status="PASS">
          <reporter-output>
          </reporter-output>
        </test-method> <!-- launchFacebook -->
        <test-method signature="login()[pri:0, instance:com.si.AutomateWebApplication.FacbookLogin@4b0d79fc]" started-at="2022-04-04T21:06:58 IST" name="login" finished-at="2022-04-04T21:06:58 IST" depends-on-methods="com.si.AutomateWebApplication.FacbookLogin.launchFacebook" duration-ms="334" status="PASS">
          <reporter-output>
          </reporter-output>
        </test-method> <!-- login -->
        <test-method is-config="true" signature="afterTest()[pri:0, instance:com.si.AutomateWebApplication.FacbookLogin@4b0d79fc]" started-at="2022-04-04T21:07:05 IST" name="afterTest" finished-at="2022-04-04T21:07:05 IST" duration-ms="0" status="PASS">
          <reporter-output>
          </reporter-output>
        </test-method> <!-- afterTest -->
      </class> <!-- com.si.AutomateWebApplication.FacbookLogin -->
      <class name="com.si.AutomateWebApplication.AutomateRegistration">
        <test-method is-config="true" signature="beforeTest()[pri:0, instance:com.si.AutomateWebApplication.AutomateRegistration@13fd2ccd]" started-at="2022-04-04T21:06:50 IST" name="beforeTest" finished-at="2022-04-04T21:06:52 IST" duration-ms="2538" status="PASS">
          <reporter-output>
          </reporter-output>
        </test-method> <!-- beforeTest -->
        <test-method signature="launchFacebook()[pri:0, instance:com.si.AutomateWebApplication.AutomateRegistration@13fd2ccd]" started-at="2022-04-04T21:07:00 IST" name="launchFacebook" finished-at="2022-04-04T21:07:04 IST" duration-ms="3751" status="PASS">
          <reporter-output>
          </reporter-output>
        </test-method> <!-- launchFacebook -->
        <test-method signature="login()[pri:0, instance:com.si.AutomateWebApplication.AutomateRegistration@13fd2ccd]" started-at="2022-04-04T21:07:04 IST" name="login" finished-at="2022-04-04T21:07:05 IST" duration-ms="766" status="PASS">
          <reporter-output>
          </reporter-output>
        </test-method> <!-- login -->
        <test-method is-config="true" signature="afterTest()[pri:0, instance:com.si.AutomateWebApplication.AutomateRegistration@13fd2ccd]" started-at="2022-04-04T21:07:05 IST" name="afterTest" finished-at="2022-04-04T21:07:05 IST" duration-ms="0" status="PASS">
          <reporter-output>
          </reporter-output>
        </test-method> <!-- afterTest -->
      </class> <!-- com.si.AutomateWebApplication.AutomateRegistration -->
    </test> <!-- Test -->
  </suite> <!-- Suite -->
</testng-results>
