<?xml version="1.0" encoding="UTF-8"?>
<!-- Generated by org.testng.reporters.JUnitXMLReporter -->
<testsuite ignored="0" hostname="DESKTOP-P97G74M" failures="0" tests="6" name="Test" time="14.728" errors="0" timestamp="2022-04-04T21:07:05 IST">
  <testcase classname="com.si.AutomateWebApplication.FacbookLogin" name="launchFacebook" time="2.425"/>
  <testcase classname="com.si.AutomateWebApplication.FacbookLogin" name="login" time="0.334"/>
  <testcase classname="com.si.AutomateWebApplication.HandlingInvalidLogin" name="launchFacebook" time="1.76"/>
  <testcase classname="com.si.AutomateWebApplication.HandlingInvalidLogin" name="login" time="0.324"/>
  <testcase classname="com.si.AutomateWebApplication.AutomateRegistration" name="launchFacebook" time="3.751"/>
  <testcase classname="com.si.AutomateWebApplication.AutomateRegistration" name="login" time="0.766"/>
</testsuite> <!-- Test -->
