<?xml version="1.0" encoding="UTF-8"?>
<!-- Generated by org.testng.reporters.JUnitXMLReporter -->
<testsuite ignored="0" hostname="DESKTOP-P97G74M" failures="0" tests="6" name="Default test" time="17.593" errors="0" timestamp="2022-04-04T21:02:31 IST">
  <testcase classname="com.si.AutomateWebApplication.HandlingInvalidLogin" name="launchFacebook" time="2.267"/>
  <testcase classname="com.si.AutomateWebApplication.HandlingInvalidLogin" name="login" time="0.338"/>
  <testcase classname="com.si.AutomateWebApplication.FacbookLogin" name="launchFacebook" time="2.544"/>
  <testcase classname="com.si.AutomateWebApplication.FacbookLogin" name="login" time="0.457"/>
  <testcase classname="com.si.AutomateWebApplication.AutomateRegistration" name="launchFacebook" time="6.105"/>
  <testcase classname="com.si.AutomateWebApplication.AutomateRegistration" name="login" time="0.518"/>
</testsuite> <!-- Default test -->
